
*** Running vivado
    with args -log design_1_util_ds_buf_4_0.vds -m64 -product Vivado -mode batch -messageDb vivado.pb -notrace -source design_1_util_ds_buf_4_0.tcl


ECHO is off.
ECHO is off.

****** Vivado v2023.1 (64-bit)
  **** SW Build 3865809 on Sun May  7 15:05:29 MDT 2023
  **** IP Build 3864474 on Sun May  7 20:36:21 MDT 2023
  **** SharedData Build 3865790 on Sun May 07 13:33:03 MDT 2023
    ** Copyright 1986-2022 Xilinx, Inc. All Rights Reserved.
    ** Copyright 2022-2023 Advanced Micro Devices, Inc. All Rights Reserved.

source design_1_util_ds_buf_4_0.tcl -notrace
create_project: Time (s): cpu = 00:00:07 ; elapsed = 00:00:13 . Memory (MB): peak = 465.355 ; gain = 157.867
INFO: [IP_Flow 19-6924] IPCACHE: Running cache check for IP inst: design_1_util_ds_buf_4_0
INFO: [IP_Flow 19-6922] IPCACHE: Exporting cached entry bb41f510822ac6c1 to dir: C:/Users/NYorr/Downloads/project_1/project_1/project_1.runs/design_1_util_ds_buf_4_0_synth_1
INFO: [IP_Flow 19-6928] IPCACHE: copied cached file c:/Users/NYorr/Downloads/project_1/project_1/project_1.cache/ip/2023.1/b/b/bb41f510822ac6c1/design_1_util_ds_buf_14_0.dcp to C:/Users/NYorr/Downloads/project_1/project_1/project_1.runs/design_1_util_ds_buf_4_0_synth_1/design_1_util_ds_buf_4_0.dcp.
INFO: [IP_Flow 19-6928] IPCACHE: copied cached file c:/Users/NYorr/Downloads/project_1/project_1/project_1.cache/ip/2023.1/b/b/bb41f510822ac6c1/design_1_util_ds_buf_14_0_sim_netlist.v to C:/Users/NYorr/Downloads/project_1/project_1/project_1.runs/design_1_util_ds_buf_4_0_synth_1/design_1_util_ds_buf_4_0_sim_netlist.v.
INFO: [IP_Flow 19-6928] IPCACHE: copied cached file c:/Users/NYorr/Downloads/project_1/project_1/project_1.cache/ip/2023.1/b/b/bb41f510822ac6c1/design_1_util_ds_buf_14_0_sim_netlist.vhdl to C:/Users/NYorr/Downloads/project_1/project_1/project_1.runs/design_1_util_ds_buf_4_0_synth_1/design_1_util_ds_buf_4_0_sim_netlist.vhdl.
INFO: [IP_Flow 19-6928] IPCACHE: copied cached file c:/Users/NYorr/Downloads/project_1/project_1/project_1.cache/ip/2023.1/b/b/bb41f510822ac6c1/design_1_util_ds_buf_14_0_stub.v to C:/Users/NYorr/Downloads/project_1/project_1/project_1.runs/design_1_util_ds_buf_4_0_synth_1/design_1_util_ds_buf_4_0_stub.v.
INFO: [IP_Flow 19-6928] IPCACHE: copied cached file c:/Users/NYorr/Downloads/project_1/project_1/project_1.cache/ip/2023.1/b/b/bb41f510822ac6c1/design_1_util_ds_buf_14_0_stub.vhdl to C:/Users/NYorr/Downloads/project_1/project_1/project_1.runs/design_1_util_ds_buf_4_0_synth_1/design_1_util_ds_buf_4_0_stub.vhdl.
INFO: [IP_Flow 19-4838] Using cached IP synthesis design for IP design_1_util_ds_buf_4_0, cache-ID = bb41f510822ac6c1.
INFO: [Common 17-206] Exiting Vivado at Mon Nov  4 10:56:06 2024...
